<?xml version="1.0" encoding="UTF-8"?>
<!-- Generated by org.testng.reporters.JUnitReportReporter -->
<testsuite hostname="LAPTOP-EUBP25UQ" failures="0" tests="3" name="Test.HomePageTest" time="9.602" errors="0" timestamp="2022-09-29T22:14:54 IST" skipped="0">
  <testcase classname="Test.HomePageTest" name="urlTest" time="1.513"/>
  <system-out/>
  <testcase classname="Test.HomePageTest" name="logoTest" time="0.495"/>
  <system-out/>
  <testcase classname="Test.HomePageTest" name="searchFieldTest" time="7.594"/>
  <system-out/>
</testsuite> <!-- Test.HomePageTest -->
